<?xml version="1.0" encoding="UTF-8"?>
<testsuite name="Cards.LibraryTest" tests="1" skipped="0" failures="0" errors="0" timestamp="2020-01-16T14:18:26" hostname="SebastiansDator" time="0.004">
  <properties/>
  <testcase name="testSomeLibraryMethod" classname="Cards.LibraryTest" time="0.004"/>
  <system-out><![CDATA[]]></system-out>
  <system-err><![CDATA[]]></system-err>
</testsuite>
